{"/Users/ztlab82/Desktop/book_store/src/App.js": {"path":"/Users/ztlab82/Desktop/book_store/src/App.js","statementMap":{"0":{"start":{"line":17,"column":2},"end":{"line":56,"column":3}}},"fnMap":{"0":{"name":"App","decl":{"start":{"line":16,"column":9},"end":{"line":16,"column":12}},"loc":{"start":{"line":16,"column":15},"end":{"line":57,"column":1}},"line":16}},"branchMap":{},"s":{"0":0},"f":{"0":0},"b":{}}
,"/Users/ztlab82/Desktop/book_store/src/api.js": {"path":"/Users/ztlab82/Desktop/book_store/src/api.js","statementMap":{"0":{"start":{"line":3,"column":16},"end":{"line":3,"column":54}},"1":{"start":{"line":5,"column":24},"end":{"line":7,"column":1}},"2":{"start":{"line":6,"column":2},"end":{"line":6,"column":32}},"3":{"start":{"line":9,"column":23},"end":{"line":11,"column":1}},"4":{"start":{"line":10,"column":2},"end":{"line":10,"column":38}}},"fnMap":{"0":{"name":"(anonymous_0)","decl":{"start":{"line":5,"column":24},"end":{"line":5,"column":25}},"loc":{"start":{"line":5,"column":36},"end":{"line":7,"column":1}},"line":5},"1":{"name":"(anonymous_1)","decl":{"start":{"line":9,"column":23},"end":{"line":9,"column":24}},"loc":{"start":{"line":9,"column":37},"end":{"line":11,"column":1}},"line":9}},"branchMap":{},"s":{"0":0,"1":0,"2":0,"3":0,"4":0},"f":{"0":0,"1":0},"b":{}}
,"/Users/ztlab82/Desktop/book_store/src/index.js": {"path":"/Users/ztlab82/Desktop/book_store/src/index.js","statementMap":{"0":{"start":{"line":9,"column":13},"end":{"line":9,"column":65}},"1":{"start":{"line":10,"column":0},"end":{"line":16,"column":1}},"2":{"start":{"line":21,"column":0},"end":{"line":21,"column":17}}},"fnMap":{},"branchMap":{},"s":{"0":0,"1":0,"2":0},"f":{},"b":{}}
,"/Users/ztlab82/Desktop/book_store/src/reportWebVitals.js": {"path":"/Users/ztlab82/Desktop/book_store/src/reportWebVitals.js","statementMap":{"0":{"start":{"line":1,"column":24},"end":{"line":11,"column":1}},"1":{"start":{"line":2,"column":2},"end":{"line":10,"column":3}},"2":{"start":{"line":3,"column":4},"end":{"line":9,"column":7}},"3":{"start":{"line":4,"column":6},"end":{"line":4,"column":26}},"4":{"start":{"line":5,"column":6},"end":{"line":5,"column":26}},"5":{"start":{"line":6,"column":6},"end":{"line":6,"column":26}},"6":{"start":{"line":7,"column":6},"end":{"line":7,"column":26}},"7":{"start":{"line":8,"column":6},"end":{"line":8,"column":27}}},"fnMap":{"0":{"name":"(anonymous_0)","decl":{"start":{"line":1,"column":24},"end":{"line":1,"column":25}},"loc":{"start":{"line":1,"column":39},"end":{"line":11,"column":1}},"line":1},"1":{"name":"(anonymous_1)","decl":{"start":{"line":3,"column":30},"end":{"line":3,"column":31}},"loc":{"start":{"line":3,"column":79},"end":{"line":9,"column":5}},"line":3}},"branchMap":{"0":{"loc":{"start":{"line":2,"column":2},"end":{"line":10,"column":3}},"type":"if","locations":[{"start":{"line":2,"column":2},"end":{"line":10,"column":3}},{"start":{},"end":{}}],"line":2},"1":{"loc":{"start":{"line":2,"column":6},"end":{"line":2,"column":52}},"type":"binary-expr","locations":[{"start":{"line":2,"column":6},"end":{"line":2,"column":17}},{"start":{"line":2,"column":21},"end":{"line":2,"column":52}}],"line":2}},"s":{"0":0,"1":0,"2":0,"3":0,"4":0,"5":0,"6":0,"7":0},"f":{"0":0,"1":0},"b":{"0":[0,0],"1":[0,0]}}
,"/Users/ztlab82/Desktop/book_store/src/auth/Login.js": {"path":"/Users/ztlab82/Desktop/book_store/src/auth/Login.js","statementMap":{"0":{"start":{"line":9,"column":14},"end":{"line":132,"column":1}},"1":{"start":{"line":10,"column":31},"end":{"line":10,"column":54}},"2":{"start":{"line":11,"column":2},"end":{"line":11,"column":28}},"3":{"start":{"line":13,"column":19},"end":{"line":13,"column":32}},"4":{"start":{"line":20,"column":6},"end":{"line":20,"column":15}},"5":{"start":{"line":22,"column":19},"end":{"line":41,"column":3}},"6":{"start":{"line":23,"column":17},"end":{"line":23,"column":64}},"7":{"start":{"line":23,"column":38},"end":{"line":23,"column":63}},"8":{"start":{"line":24,"column":4},"end":{"line":27,"column":5}},"9":{"start":{"line":25,"column":6},"end":{"line":25,"column":76}},"10":{"start":{"line":26,"column":6},"end":{"line":26,"column":12}},"11":{"start":{"line":29,"column":30},"end":{"line":32,"column":33}},"12":{"start":{"line":33,"column":4},"end":{"line":36,"column":5}},"13":{"start":{"line":34,"column":6},"end":{"line":34,"column":77}},"14":{"start":{"line":35,"column":6},"end":{"line":35,"column":12}},"15":{"start":{"line":37,"column":4},"end":{"line":37,"column":19}},"16":{"start":{"line":38,"column":4},"end":{"line":38,"column":11}},"17":{"start":{"line":39,"column":4},"end":{"line":39,"column":17}},"18":{"start":{"line":40,"column":4},"end":{"line":40,"column":39}},"19":{"start":{"line":43,"column":2},"end":{"line":131,"column":3}}},"fnMap":{"0":{"name":"(anonymous_0)","decl":{"start":{"line":9,"column":14},"end":{"line":9,"column":15}},"loc":{"start":{"line":9,"column":20},"end":{"line":132,"column":1}},"line":9},"1":{"name":"(anonymous_1)","decl":{"start":{"line":22,"column":19},"end":{"line":22,"column":20}},"loc":{"start":{"line":22,"column":29},"end":{"line":41,"column":3}},"line":22},"2":{"name":"(anonymous_2)","decl":{"start":{"line":23,"column":28},"end":{"line":23,"column":29}},"loc":{"start":{"line":23,"column":38},"end":{"line":23,"column":63}},"line":23}},"branchMap":{"0":{"loc":{"start":{"line":24,"column":4},"end":{"line":27,"column":5}},"type":"if","locations":[{"start":{"line":24,"column":4},"end":{"line":27,"column":5}},{"start":{},"end":{}}],"line":24},"1":{"loc":{"start":{"line":33,"column":4},"end":{"line":36,"column":5}},"type":"if","locations":[{"start":{"line":33,"column":4},"end":{"line":36,"column":5}},{"start":{},"end":{}}],"line":33},"2":{"loc":{"start":{"line":93,"column":20},"end":{"line":95,"column":26}},"type":"cond-expr","locations":[{"start":{"line":94,"column":24},"end":{"line":94,"column":73}},{"start":{"line":95,"column":24},"end":{"line":95,"column":26}}],"line":93},"3":{"loc":{"start":{"line":94,"column":24},"end":{"line":94,"column":73}},"type":"binary-expr","locations":[{"start":{"line":94,"column":24},"end":{"line":94,"column":44}},{"start":{"line":94,"column":48},"end":{"line":94,"column":73}}],"line":94},"4":{"loc":{"start":{"line":107,"column":20},"end":{"line":109,"column":26}},"type":"cond-expr","locations":[{"start":{"line":108,"column":24},"end":{"line":108,"column":73}},{"start":{"line":109,"column":24},"end":{"line":109,"column":26}}],"line":107},"5":{"loc":{"start":{"line":108,"column":24},"end":{"line":108,"column":73}},"type":"binary-expr","locations":[{"start":{"line":108,"column":24},"end":{"line":108,"column":47}},{"start":{"line":108,"column":51},"end":{"line":108,"column":73}}],"line":108}},"s":{"0":0,"1":0,"2":0,"3":0,"4":0,"5":0,"6":0,"7":0,"8":0,"9":0,"10":0,"11":0,"12":0,"13":0,"14":0,"15":0,"16":0,"17":0,"18":0,"19":0},"f":{"0":0,"1":0,"2":0},"b":{"0":[0,0],"1":[0,0],"2":[0,0],"3":[0,0],"4":[0,0],"5":[0,0]}}
,"/Users/ztlab82/Desktop/book_store/src/auth/Signup.js": {"path":"/Users/ztlab82/Desktop/book_store/src/auth/Signup.js","statementMap":{"0":{"start":{"line":9,"column":15},"end":{"line":183,"column":1}},"1":{"start":{"line":10,"column":29},"end":{"line":10,"column":52}},"2":{"start":{"line":17,"column":6},"end":{"line":17,"column":15}},"3":{"start":{"line":18,"column":19},"end":{"line":18,"column":32}},"4":{"start":{"line":20,"column":19},"end":{"line":20,"column":36}},"5":{"start":{"line":22,"column":19},"end":{"line":38,"column":3}},"6":{"start":{"line":23,"column":24},"end":{"line":23,"column":71}},"7":{"start":{"line":23,"column":45},"end":{"line":23,"column":70}},"8":{"start":{"line":24,"column":4},"end":{"line":27,"column":5}},"9":{"start":{"line":25,"column":6},"end":{"line":25,"column":41}},"10":{"start":{"line":26,"column":6},"end":{"line":26,"column":12}},"11":{"start":{"line":29,"column":30},"end":{"line":32,"column":16}},"12":{"start":{"line":33,"column":20},"end":{"line":33,"column":60}},"13":{"start":{"line":34,"column":4},"end":{"line":34,"column":20}},"14":{"start":{"line":35,"column":4},"end":{"line":35,"column":40}},"15":{"start":{"line":36,"column":4},"end":{"line":36,"column":11}},"16":{"start":{"line":37,"column":4},"end":{"line":37,"column":22}},"17":{"start":{"line":40,"column":2},"end":{"line":182,"column":3}},"18":{"start":{"line":147,"column":22},"end":{"line":147,"column":68}}},"fnMap":{"0":{"name":"(anonymous_0)","decl":{"start":{"line":9,"column":15},"end":{"line":9,"column":16}},"loc":{"start":{"line":9,"column":21},"end":{"line":183,"column":1}},"line":9},"1":{"name":"(anonymous_1)","decl":{"start":{"line":22,"column":19},"end":{"line":22,"column":20}},"loc":{"start":{"line":22,"column":29},"end":{"line":38,"column":3}},"line":22},"2":{"name":"(anonymous_2)","decl":{"start":{"line":23,"column":35},"end":{"line":23,"column":36}},"loc":{"start":{"line":23,"column":45},"end":{"line":23,"column":70}},"line":23},"3":{"name":"(anonymous_3)","decl":{"start":{"line":146,"column":30},"end":{"line":146,"column":31}},"loc":{"start":{"line":147,"column":22},"end":{"line":147,"column":68}},"line":147}},"branchMap":{"0":{"loc":{"start":{"line":24,"column":4},"end":{"line":27,"column":5}},"type":"if","locations":[{"start":{"line":24,"column":4},"end":{"line":27,"column":5}},{"start":{},"end":{}}],"line":24},"1":{"loc":{"start":{"line":86,"column":30},"end":{"line":86,"column":78}},"type":"cond-expr","locations":[{"start":{"line":86,"column":49},"end":{"line":86,"column":73}},{"start":{"line":86,"column":76},"end":{"line":86,"column":78}}],"line":86},"2":{"loc":{"start":{"line":95,"column":30},"end":{"line":95,"column":76}},"type":"cond-expr","locations":[{"start":{"line":95,"column":48},"end":{"line":95,"column":71}},{"start":{"line":95,"column":74},"end":{"line":95,"column":76}}],"line":95},"3":{"loc":{"start":{"line":107,"column":30},"end":{"line":107,"column":69}},"type":"cond-expr","locations":[{"start":{"line":107,"column":45},"end":{"line":107,"column":64}},{"start":{"line":107,"column":67},"end":{"line":107,"column":69}}],"line":107},"4":{"loc":{"start":{"line":121,"column":20},"end":{"line":121,"column":74}},"type":"cond-expr","locations":[{"start":{"line":121,"column":42},"end":{"line":121,"column":69}},{"start":{"line":121,"column":72},"end":{"line":121,"column":74}}],"line":121},"5":{"loc":{"start":{"line":133,"column":20},"end":{"line":135,"column":26}},"type":"cond-expr","locations":[{"start":{"line":134,"column":24},"end":{"line":134,"column":64}},{"start":{"line":135,"column":24},"end":{"line":135,"column":26}}],"line":133},"6":{"loc":{"start":{"line":147,"column":22},"end":{"line":147,"column":68}},"type":"binary-expr","locations":[{"start":{"line":147,"column":22},"end":{"line":147,"column":40}},{"start":{"line":147,"column":44},"end":{"line":147,"column":68}}],"line":147},"7":{"loc":{"start":{"line":151,"column":20},"end":{"line":151,"column":80}},"type":"cond-expr","locations":[{"start":{"line":151,"column":45},"end":{"line":151,"column":75}},{"start":{"line":151,"column":78},"end":{"line":151,"column":80}}],"line":151}},"s":{"0":0,"1":0,"2":0,"3":0,"4":0,"5":0,"6":0,"7":0,"8":0,"9":0,"10":0,"11":0,"12":0,"13":0,"14":0,"15":0,"16":0,"17":0,"18":0},"f":{"0":0,"1":0,"2":0,"3":0},"b":{"0":[0,0],"1":[0,0],"2":[0,0],"3":[0,0],"4":[0,0],"5":[0,0],"6":[0,0],"7":[0,0]}}
,"/Users/ztlab82/Desktop/book_store/src/components/Cart.js": {"path":"/Users/ztlab82/Desktop/book_store/src/components/Cart.js","statementMap":{"0":{"start":{"line":26,"column":13},"end":{"line":153,"column":1}},"1":{"start":{"line":27,"column":19},"end":{"line":27,"column":32}},"2":{"start":{"line":28,"column":20},"end":{"line":28,"column":60}},"3":{"start":{"line":28,"column":43},"end":{"line":28,"column":59}},"4":{"start":{"line":29,"column":19},"end":{"line":29,"column":32}},"5":{"start":{"line":31,"column":31},"end":{"line":34,"column":3}},"6":{"start":{"line":32,"column":4},"end":{"line":32,"column":32}},"7":{"start":{"line":33,"column":4},"end":{"line":33,"column":46}},"8":{"start":{"line":36,"column":26},"end":{"line":38,"column":3}},"9":{"start":{"line":37,"column":4},"end":{"line":37,"column":35}},"10":{"start":{"line":40,"column":26},"end":{"line":42,"column":3}},"11":{"start":{"line":41,"column":4},"end":{"line":41,"column":35}},"12":{"start":{"line":44,"column":30},"end":{"line":46,"column":3}},"13":{"start":{"line":45,"column":4},"end":{"line":45,"column":75}},"14":{"start":{"line":45,"column":45},"end":{"line":45,"column":71}},"15":{"start":{"line":48,"column":19},"end":{"line":52,"column":3}},"16":{"start":{"line":49,"column":4},"end":{"line":49,"column":25}},"17":{"start":{"line":50,"column":4},"end":{"line":50,"column":51}},"18":{"start":{"line":51,"column":4},"end":{"line":51,"column":25}},"19":{"start":{"line":54,"column":2},"end":{"line":152,"column":3}},"20":{"start":{"line":81,"column":14},"end":{"line":123,"column":21}},"21":{"start":{"line":94,"column":47},"end":{"line":94,"column":71}},"22":{"start":{"line":100,"column":47},"end":{"line":100,"column":71}},"23":{"start":{"line":113,"column":37},"end":{"line":113,"column":66}}},"fnMap":{"0":{"name":"(anonymous_0)","decl":{"start":{"line":26,"column":13},"end":{"line":26,"column":14}},"loc":{"start":{"line":26,"column":19},"end":{"line":153,"column":1}},"line":26},"1":{"name":"(anonymous_1)","decl":{"start":{"line":28,"column":32},"end":{"line":28,"column":33}},"loc":{"start":{"line":28,"column":43},"end":{"line":28,"column":59}},"line":28},"2":{"name":"(anonymous_2)","decl":{"start":{"line":31,"column":31},"end":{"line":31,"column":32}},"loc":{"start":{"line":31,"column":39},"end":{"line":34,"column":3}},"line":31},"3":{"name":"(anonymous_3)","decl":{"start":{"line":36,"column":26},"end":{"line":36,"column":27}},"loc":{"start":{"line":36,"column":34},"end":{"line":38,"column":3}},"line":36},"4":{"name":"(anonymous_4)","decl":{"start":{"line":40,"column":26},"end":{"line":40,"column":27}},"loc":{"start":{"line":40,"column":34},"end":{"line":42,"column":3}},"line":40},"5":{"name":"(anonymous_5)","decl":{"start":{"line":44,"column":30},"end":{"line":44,"column":31}},"loc":{"start":{"line":44,"column":36},"end":{"line":46,"column":3}},"line":44},"6":{"name":"(anonymous_6)","decl":{"start":{"line":45,"column":28},"end":{"line":45,"column":29}},"loc":{"start":{"line":45,"column":45},"end":{"line":45,"column":71}},"line":45},"7":{"name":"(anonymous_7)","decl":{"start":{"line":48,"column":19},"end":{"line":48,"column":20}},"loc":{"start":{"line":48,"column":25},"end":{"line":52,"column":3}},"line":48},"8":{"name":"(anonymous_8)","decl":{"start":{"line":80,"column":27},"end":{"line":80,"column":28}},"loc":{"start":{"line":81,"column":14},"end":{"line":123,"column":21}},"line":81},"9":{"name":"(anonymous_9)","decl":{"start":{"line":94,"column":41},"end":{"line":94,"column":42}},"loc":{"start":{"line":94,"column":47},"end":{"line":94,"column":71}},"line":94},"10":{"name":"(anonymous_10)","decl":{"start":{"line":100,"column":41},"end":{"line":100,"column":42}},"loc":{"start":{"line":100,"column":47},"end":{"line":100,"column":71}},"line":100},"11":{"name":"(anonymous_11)","decl":{"start":{"line":113,"column":31},"end":{"line":113,"column":32}},"loc":{"start":{"line":113,"column":37},"end":{"line":113,"column":66}},"line":113}},"branchMap":{"0":{"loc":{"start":{"line":61,"column":9},"end":{"line":149,"column":9}},"type":"cond-expr","locations":[{"start":{"line":62,"column":10},"end":{"line":77,"column":13}},{"start":{"line":79,"column":10},"end":{"line":148,"column":13}}],"line":61}},"s":{"0":0,"1":0,"2":0,"3":0,"4":0,"5":0,"6":0,"7":0,"8":0,"9":0,"10":0,"11":0,"12":0,"13":0,"14":0,"15":0,"16":0,"17":0,"18":0,"19":0,"20":0,"21":0,"22":0,"23":0},"f":{"0":0,"1":0,"2":0,"3":0,"4":0,"5":0,"6":0,"7":0,"8":0,"9":0,"10":0,"11":0},"b":{"0":[0,0]}}
,"/Users/ztlab82/Desktop/book_store/src/components/Checkout.js": {"path":"/Users/ztlab82/Desktop/book_store/src/components/Checkout.js","statementMap":{"0":{"start":{"line":5,"column":15},"end":{"line":22,"column":1}},"1":{"start":{"line":24,"column":17},"end":{"line":52,"column":1}},"2":{"start":{"line":25,"column":2},"end":{"line":51,"column":3}}},"fnMap":{"0":{"name":"(anonymous_0)","decl":{"start":{"line":24,"column":17},"end":{"line":24,"column":18}},"loc":{"start":{"line":24,"column":23},"end":{"line":52,"column":1}},"line":24}},"branchMap":{},"s":{"0":0,"1":0,"2":0},"f":{"0":0},"b":{}}
,"/Users/ztlab82/Desktop/book_store/src/components/ErrorPage.js": {"path":"/Users/ztlab82/Desktop/book_store/src/components/ErrorPage.js","statementMap":{"0":{"start":{"line":5,"column":2},"end":{"line":18,"column":3}}},"fnMap":{"0":{"name":"Error","decl":{"start":{"line":4,"column":24},"end":{"line":4,"column":29}},"loc":{"start":{"line":4,"column":32},"end":{"line":19,"column":1}},"line":4}},"branchMap":{},"s":{"0":0},"f":{"0":0},"b":{}}
,"/Users/ztlab82/Desktop/book_store/src/components/Loader.js": {"path":"/Users/ztlab82/Desktop/book_store/src/components/Loader.js","statementMap":{"0":{"start":{"line":5,"column":2},"end":{"line":14,"column":3}}},"fnMap":{"0":{"name":"Loader","decl":{"start":{"line":4,"column":24},"end":{"line":4,"column":30}},"loc":{"start":{"line":4,"column":33},"end":{"line":15,"column":1}},"line":4}},"branchMap":{},"s":{"0":0},"f":{"0":0},"b":{}}
,"/Users/ztlab82/Desktop/book_store/src/components/Navbar.js": {"path":"/Users/ztlab82/Desktop/book_store/src/components/Navbar.js","statementMap":{"0":{"start":{"line":19,"column":15},"end":{"line":233,"column":1}},"1":{"start":{"line":20,"column":37},"end":{"line":20,"column":60}},"2":{"start":{"line":21,"column":19},"end":{"line":21,"column":32}},"3":{"start":{"line":22,"column":20},"end":{"line":22,"column":60}},"4":{"start":{"line":22,"column":43},"end":{"line":22,"column":59}},"5":{"start":{"line":23,"column":34},"end":{"line":23,"column":48}},"6":{"start":{"line":25,"column":23},"end":{"line":28,"column":3}},"7":{"start":{"line":26,"column":4},"end":{"line":26,"column":16}},"8":{"start":{"line":27,"column":4},"end":{"line":27,"column":22}},"9":{"start":{"line":30,"column":25},"end":{"line":32,"column":3}},"10":{"start":{"line":31,"column":4},"end":{"line":31,"column":36}},"11":{"start":{"line":34,"column":26},"end":{"line":36,"column":3}},"12":{"start":{"line":35,"column":4},"end":{"line":35,"column":21}},"13":{"start":{"line":38,"column":2},"end":{"line":232,"column":3}}},"fnMap":{"0":{"name":"(anonymous_0)","decl":{"start":{"line":19,"column":15},"end":{"line":19,"column":16}},"loc":{"start":{"line":19,"column":21},"end":{"line":233,"column":1}},"line":19},"1":{"name":"(anonymous_1)","decl":{"start":{"line":22,"column":32},"end":{"line":22,"column":33}},"loc":{"start":{"line":22,"column":43},"end":{"line":22,"column":59}},"line":22},"2":{"name":"(anonymous_2)","decl":{"start":{"line":25,"column":23},"end":{"line":25,"column":24}},"loc":{"start":{"line":25,"column":29},"end":{"line":28,"column":3}},"line":25},"3":{"name":"(anonymous_3)","decl":{"start":{"line":30,"column":25},"end":{"line":30,"column":26}},"loc":{"start":{"line":30,"column":36},"end":{"line":32,"column":3}},"line":30},"4":{"name":"(anonymous_4)","decl":{"start":{"line":34,"column":26},"end":{"line":34,"column":27}},"loc":{"start":{"line":34,"column":32},"end":{"line":36,"column":3}},"line":34}},"branchMap":{"0":{"loc":{"start":{"line":71,"column":11},"end":{"line":140,"column":11}},"type":"cond-expr","locations":[{"start":{"line":72,"column":12},"end":{"line":120,"column":15}},{"start":{"line":122,"column":12},"end":{"line":139,"column":15}}],"line":71},"1":{"loc":{"start":{"line":88,"column":17},"end":{"line":107,"column":17}},"type":"binary-expr","locations":[{"start":{"line":88,"column":17},"end":{"line":88,"column":37}},{"start":{"line":89,"column":18},"end":{"line":106,"column":24}}],"line":88},"2":{"loc":{"start":{"line":151,"column":13},"end":{"line":227,"column":13}},"type":"cond-expr","locations":[{"start":{"line":152,"column":14},"end":{"line":207,"column":17}},{"start":{"line":209,"column":14},"end":{"line":226,"column":17}}],"line":151},"3":{"loc":{"start":{"line":169,"column":21},"end":{"line":188,"column":21}},"type":"binary-expr","locations":[{"start":{"line":169,"column":21},"end":{"line":169,"column":41}},{"start":{"line":170,"column":22},"end":{"line":187,"column":28}}],"line":169}},"s":{"0":0,"1":0,"2":0,"3":0,"4":0,"5":0,"6":0,"7":0,"8":0,"9":0,"10":0,"11":0,"12":0,"13":0},"f":{"0":0,"1":0,"2":0,"3":0,"4":0},"b":{"0":[0,0],"1":[0,0],"2":[0,0],"3":[0,0]}}
,"/Users/ztlab82/Desktop/book_store/src/components/ProtectedRoute.js": {"path":"/Users/ztlab82/Desktop/book_store/src/components/ProtectedRoute.js","statementMap":{"0":{"start":{"line":3,"column":23},"end":{"line":5,"column":1}},"1":{"start":{"line":4,"column":2},"end":{"line":4,"column":80}}},"fnMap":{"0":{"name":"(anonymous_0)","decl":{"start":{"line":3,"column":23},"end":{"line":3,"column":24}},"loc":{"start":{"line":3,"column":40},"end":{"line":5,"column":1}},"line":3}},"branchMap":{"0":{"loc":{"start":{"line":4,"column":9},"end":{"line":4,"column":80}},"type":"cond-expr","locations":[{"start":{"line":4,"column":46},"end":{"line":4,"column":53}},{"start":{"line":4,"column":56},"end":{"line":4,"column":80}}],"line":4}},"s":{"0":0,"1":0},"f":{"0":0},"b":{"0":[0,0]}}
,"/Users/ztlab82/Desktop/book_store/src/context/userContext.js": {"path":"/Users/ztlab82/Desktop/book_store/src/context/userContext.js","statementMap":{"0":{"start":{"line":4,"column":27},"end":{"line":4,"column":42}},"1":{"start":{"line":6,"column":28},"end":{"line":92,"column":1}},"2":{"start":{"line":7,"column":28},"end":{"line":7,"column":40}},"3":{"start":{"line":8,"column":38},"end":{"line":8,"column":53}},"4":{"start":{"line":9,"column":40},"end":{"line":9,"column":54}},"5":{"start":{"line":11,"column":2},"end":{"line":21,"column":8}},"6":{"start":{"line":12,"column":24},"end":{"line":12,"column":71}},"7":{"start":{"line":13,"column":4},"end":{"line":13,"column":25}},"8":{"start":{"line":16,"column":6},"end":{"line":16,"column":61}},"9":{"start":{"line":17,"column":4},"end":{"line":17,"column":33}},"10":{"start":{"line":19,"column":23},"end":{"line":19,"column":70}},"11":{"start":{"line":20,"column":4},"end":{"line":20,"column":30}},"12":{"start":{"line":23,"column":18},"end":{"line":27,"column":3}},"13":{"start":{"line":24,"column":25},"end":{"line":24,"column":41}},"14":{"start":{"line":25,"column":4},"end":{"line":25,"column":26}},"15":{"start":{"line":26,"column":4},"end":{"line":26,"column":63}},"16":{"start":{"line":29,"column":20},"end":{"line":34,"column":3}},"17":{"start":{"line":30,"column":4},"end":{"line":30,"column":23}},"18":{"start":{"line":31,"column":4},"end":{"line":31,"column":24}},"19":{"start":{"line":32,"column":4},"end":{"line":32,"column":60}},"20":{"start":{"line":33,"column":4},"end":{"line":33,"column":61}},"21":{"start":{"line":36,"column":21},"end":{"line":41,"column":3}},"22":{"start":{"line":37,"column":4},"end":{"line":37,"column":24}},"23":{"start":{"line":38,"column":4},"end":{"line":38,"column":24}},"24":{"start":{"line":39,"column":4},"end":{"line":39,"column":41}},"25":{"start":{"line":40,"column":4},"end":{"line":40,"column":42}},"26":{"start":{"line":43,"column":21},"end":{"line":51,"column":3}},"27":{"start":{"line":44,"column":25},"end":{"line":46,"column":5}},"28":{"start":{"line":45,"column":6},"end":{"line":45,"column":59}},"29":{"start":{"line":47,"column":4},"end":{"line":47,"column":26}},"30":{"start":{"line":48,"column":4},"end":{"line":48,"column":31}},"31":{"start":{"line":49,"column":4},"end":{"line":49,"column":63}},"32":{"start":{"line":50,"column":4},"end":{"line":50,"column":68}},"33":{"start":{"line":53,"column":25},"end":{"line":72,"column":3}},"34":{"start":{"line":54,"column":17},"end":{"line":54,"column":59}},"35":{"start":{"line":54,"column":38},"end":{"line":54,"column":58}},"36":{"start":{"line":55,"column":4},"end":{"line":70,"column":5}},"37":{"start":{"line":56,"column":32},"end":{"line":59,"column":35}},"38":{"start":{"line":61,"column":6},"end":{"line":69,"column":7}},"39":{"start":{"line":62,"column":37},"end":{"line":65,"column":20}},"40":{"start":{"line":66,"column":8},"end":{"line":66,"column":44}},"41":{"start":{"line":67,"column":8},"end":{"line":67,"column":24}},"42":{"start":{"line":68,"column":8},"end":{"line":68,"column":19}},"43":{"start":{"line":71,"column":4},"end":{"line":71,"column":16}},"44":{"start":{"line":74,"column":2},"end":{"line":91,"column":3}}},"fnMap":{"0":{"name":"(anonymous_0)","decl":{"start":{"line":6,"column":28},"end":{"line":6,"column":29}},"loc":{"start":{"line":6,"column":46},"end":{"line":92,"column":1}},"line":6},"1":{"name":"(anonymous_1)","decl":{"start":{"line":11,"column":12},"end":{"line":11,"column":13}},"loc":{"start":{"line":11,"column":18},"end":{"line":21,"column":3}},"line":11},"2":{"name":"(anonymous_2)","decl":{"start":{"line":23,"column":18},"end":{"line":23,"column":19}},"loc":{"start":{"line":23,"column":28},"end":{"line":27,"column":3}},"line":23},"3":{"name":"(anonymous_3)","decl":{"start":{"line":29,"column":20},"end":{"line":29,"column":21}},"loc":{"start":{"line":29,"column":30},"end":{"line":34,"column":3}},"line":29},"4":{"name":"(anonymous_4)","decl":{"start":{"line":36,"column":21},"end":{"line":36,"column":22}},"loc":{"start":{"line":36,"column":27},"end":{"line":41,"column":3}},"line":36},"5":{"name":"(anonymous_5)","decl":{"start":{"line":43,"column":21},"end":{"line":43,"column":22}},"loc":{"start":{"line":43,"column":38},"end":{"line":51,"column":3}},"line":43},"6":{"name":"(anonymous_6)","decl":{"start":{"line":44,"column":35},"end":{"line":44,"column":36}},"loc":{"start":{"line":45,"column":6},"end":{"line":45,"column":59}},"line":45},"7":{"name":"(anonymous_7)","decl":{"start":{"line":53,"column":25},"end":{"line":53,"column":26}},"loc":{"start":{"line":53,"column":62},"end":{"line":72,"column":3}},"line":53},"8":{"name":"(anonymous_8)","decl":{"start":{"line":54,"column":28},"end":{"line":54,"column":29}},"loc":{"start":{"line":54,"column":38},"end":{"line":54,"column":58}},"line":54}},"branchMap":{"0":{"loc":{"start":{"line":12,"column":24},"end":{"line":12,"column":71}},"type":"binary-expr","locations":[{"start":{"line":12,"column":24},"end":{"line":12,"column":65}},{"start":{"line":12,"column":69},"end":{"line":12,"column":71}}],"line":12},"1":{"loc":{"start":{"line":16,"column":6},"end":{"line":16,"column":61}},"type":"binary-expr","locations":[{"start":{"line":16,"column":6},"end":{"line":16,"column":52}},{"start":{"line":16,"column":56},"end":{"line":16,"column":61}}],"line":16},"2":{"loc":{"start":{"line":45,"column":6},"end":{"line":45,"column":59}},"type":"cond-expr","locations":[{"start":{"line":45,"column":41},"end":{"line":45,"column":52}},{"start":{"line":45,"column":55},"end":{"line":45,"column":59}}],"line":45},"3":{"loc":{"start":{"line":55,"column":4},"end":{"line":70,"column":5}},"type":"if","locations":[{"start":{"line":55,"column":4},"end":{"line":70,"column":5}},{"start":{},"end":{}}],"line":55},"4":{"loc":{"start":{"line":61,"column":6},"end":{"line":69,"column":7}},"type":"if","locations":[{"start":{"line":61,"column":6},"end":{"line":69,"column":7}},{"start":{},"end":{}}],"line":61}},"s":{"0":0,"1":0,"2":0,"3":0,"4":0,"5":0,"6":0,"7":0,"8":0,"9":0,"10":0,"11":0,"12":0,"13":0,"14":0,"15":0,"16":0,"17":0,"18":0,"19":0,"20":0,"21":0,"22":0,"23":0,"24":0,"25":0,"26":0,"27":0,"28":0,"29":0,"30":0,"31":0,"32":0,"33":0,"34":0,"35":0,"36":0,"37":0,"38":0,"39":0,"40":0,"41":0,"42":0,"43":0,"44":0},"f":{"0":0,"1":0,"2":0,"3":0,"4":0,"5":0,"6":0,"7":0,"8":0},"b":{"0":[0,0],"1":[0,0],"2":[0,0],"3":[0,0],"4":[0,0]}}
,"/Users/ztlab82/Desktop/book_store/src/redux/action/BookSlice.js": {"path":"/Users/ztlab82/Desktop/book_store/src/redux/action/BookSlice.js","statementMap":{"0":{"start":{"line":4,"column":21},"end":{"line":9,"column":1}},"1":{"start":{"line":11,"column":26},"end":{"line":14,"column":2}},"2":{"start":{"line":12,"column":19},"end":{"line":12,"column":35}},"3":{"start":{"line":13,"column":2},"end":{"line":13,"column":22}},"4":{"start":{"line":16,"column":32},"end":{"line":22,"column":1}},"5":{"start":{"line":19,"column":21},"end":{"line":19,"column":38}},"6":{"start":{"line":20,"column":4},"end":{"line":20,"column":24}},"7":{"start":{"line":24,"column":19},"end":{"line":53,"column":2}},"8":{"start":{"line":29,"column":4},"end":{"line":51,"column":8}},"9":{"start":{"line":31,"column":8},"end":{"line":31,"column":28}},"10":{"start":{"line":34,"column":8},"end":{"line":34,"column":29}},"11":{"start":{"line":35,"column":8},"end":{"line":35,"column":36}},"12":{"start":{"line":38,"column":8},"end":{"line":38,"column":29}},"13":{"start":{"line":39,"column":8},"end":{"line":39,"column":42}},"14":{"start":{"line":42,"column":8},"end":{"line":42,"column":28}},"15":{"start":{"line":45,"column":8},"end":{"line":45,"column":29}},"16":{"start":{"line":46,"column":8},"end":{"line":46,"column":35}},"17":{"start":{"line":49,"column":8},"end":{"line":49,"column":29}},"18":{"start":{"line":50,"column":8},"end":{"line":50,"column":42}}},"fnMap":{"0":{"name":"(anonymous_0)","decl":{"start":{"line":11,"column":63},"end":{"line":11,"column":64}},"loc":{"start":{"line":11,"column":75},"end":{"line":14,"column":1}},"line":11},"1":{"name":"(anonymous_1)","decl":{"start":{"line":18,"column":2},"end":{"line":18,"column":3}},"loc":{"start":{"line":18,"column":16},"end":{"line":21,"column":3}},"line":18},"2":{"name":"(anonymous_2)","decl":{"start":{"line":28,"column":17},"end":{"line":28,"column":18}},"loc":{"start":{"line":28,"column":30},"end":{"line":52,"column":3}},"line":28},"3":{"name":"(anonymous_3)","decl":{"start":{"line":30,"column":35},"end":{"line":30,"column":36}},"loc":{"start":{"line":30,"column":46},"end":{"line":32,"column":7}},"line":30},"4":{"name":"(anonymous_4)","decl":{"start":{"line":33,"column":37},"end":{"line":33,"column":38}},"loc":{"start":{"line":33,"column":56},"end":{"line":36,"column":7}},"line":33},"5":{"name":"(anonymous_5)","decl":{"start":{"line":37,"column":36},"end":{"line":37,"column":37}},"loc":{"start":{"line":37,"column":55},"end":{"line":40,"column":7}},"line":37},"6":{"name":"(anonymous_6)","decl":{"start":{"line":41,"column":41},"end":{"line":41,"column":42}},"loc":{"start":{"line":41,"column":52},"end":{"line":43,"column":7}},"line":41},"7":{"name":"(anonymous_7)","decl":{"start":{"line":44,"column":43},"end":{"line":44,"column":44}},"loc":{"start":{"line":44,"column":62},"end":{"line":47,"column":7}},"line":44},"8":{"name":"(anonymous_8)","decl":{"start":{"line":48,"column":42},"end":{"line":48,"column":43}},"loc":{"start":{"line":48,"column":61},"end":{"line":51,"column":7}},"line":48}},"branchMap":{},"s":{"0":0,"1":0,"2":0,"3":0,"4":0,"5":0,"6":0,"7":0,"8":0,"9":0,"10":0,"11":0,"12":0,"13":0,"14":0,"15":0,"16":0,"17":0,"18":0},"f":{"0":0,"1":0,"2":0,"3":0,"4":0,"5":0,"6":0,"7":0,"8":0},"b":{}}
,"/Users/ztlab82/Desktop/book_store/src/redux/action/CartSlice.js": {"path":"/Users/ztlab82/Desktop/book_store/src/redux/action/CartSlice.js","statementMap":{"0":{"start":{"line":3,"column":21},"end":{"line":5,"column":1}},"1":{"start":{"line":7,"column":25},"end":{"line":49,"column":2}},"2":{"start":{"line":12,"column":49},"end":{"line":12,"column":63}},"3":{"start":{"line":14,"column":27},"end":{"line":14,"column":69}},"4":{"start":{"line":14,"column":54},"end":{"line":14,"column":68}},"5":{"start":{"line":15,"column":6},"end":{"line":25,"column":7}},"6":{"start":{"line":16,"column":8},"end":{"line":16,"column":31}},"7":{"start":{"line":18,"column":8},"end":{"line":24,"column":10}},"8":{"start":{"line":28,"column":25},"end":{"line":28,"column":39}},"9":{"start":{"line":29,"column":6},"end":{"line":29,"column":72}},"10":{"start":{"line":29,"column":49},"end":{"line":29,"column":71}},"11":{"start":{"line":32,"column":25},"end":{"line":32,"column":39}},"12":{"start":{"line":33,"column":27},"end":{"line":33,"column":77}},"13":{"start":{"line":33,"column":54},"end":{"line":33,"column":76}},"14":{"start":{"line":34,"column":6},"end":{"line":36,"column":7}},"15":{"start":{"line":35,"column":8},"end":{"line":35,"column":31}},"16":{"start":{"line":39,"column":25},"end":{"line":39,"column":39}},"17":{"start":{"line":40,"column":27},"end":{"line":40,"column":77}},"18":{"start":{"line":40,"column":54},"end":{"line":40,"column":76}},"19":{"start":{"line":41,"column":6},"end":{"line":43,"column":7}},"20":{"start":{"line":42,"column":8},"end":{"line":42,"column":31}},"21":{"start":{"line":46,"column":6},"end":{"line":46,"column":28}},"22":{"start":{"line":57,"column":4},"end":{"line":57,"column":21}}},"fnMap":{"0":{"name":"(anonymous_0)","decl":{"start":{"line":11,"column":15},"end":{"line":11,"column":16}},"loc":{"start":{"line":11,"column":34},"end":{"line":26,"column":5}},"line":11},"1":{"name":"(anonymous_1)","decl":{"start":{"line":14,"column":44},"end":{"line":14,"column":45}},"loc":{"start":{"line":14,"column":54},"end":{"line":14,"column":68}},"line":14},"2":{"name":"(anonymous_2)","decl":{"start":{"line":27,"column":20},"end":{"line":27,"column":21}},"loc":{"start":{"line":27,"column":39},"end":{"line":30,"column":5}},"line":27},"3":{"name":"(anonymous_3)","decl":{"start":{"line":29,"column":39},"end":{"line":29,"column":40}},"loc":{"start":{"line":29,"column":49},"end":{"line":29,"column":71}},"line":29},"4":{"name":"(anonymous_4)","decl":{"start":{"line":31,"column":23},"end":{"line":31,"column":24}},"loc":{"start":{"line":31,"column":42},"end":{"line":37,"column":5}},"line":31},"5":{"name":"(anonymous_5)","decl":{"start":{"line":33,"column":44},"end":{"line":33,"column":45}},"loc":{"start":{"line":33,"column":54},"end":{"line":33,"column":76}},"line":33},"6":{"name":"(anonymous_6)","decl":{"start":{"line":38,"column":23},"end":{"line":38,"column":24}},"loc":{"start":{"line":38,"column":42},"end":{"line":44,"column":5}},"line":38},"7":{"name":"(anonymous_7)","decl":{"start":{"line":40,"column":44},"end":{"line":40,"column":45}},"loc":{"start":{"line":40,"column":54},"end":{"line":40,"column":76}},"line":40},"8":{"name":"(anonymous_8)","decl":{"start":{"line":45,"column":15},"end":{"line":45,"column":16}},"loc":{"start":{"line":45,"column":26},"end":{"line":47,"column":5}},"line":45}},"branchMap":{"0":{"loc":{"start":{"line":15,"column":6},"end":{"line":25,"column":7}},"type":"if","locations":[{"start":{"line":15,"column":6},"end":{"line":25,"column":7}},{"start":{"line":17,"column":13},"end":{"line":25,"column":7}}],"line":15},"1":{"loc":{"start":{"line":34,"column":6},"end":{"line":36,"column":7}},"type":"if","locations":[{"start":{"line":34,"column":6},"end":{"line":36,"column":7}},{"start":{},"end":{}}],"line":34},"2":{"loc":{"start":{"line":41,"column":6},"end":{"line":43,"column":7}},"type":"if","locations":[{"start":{"line":41,"column":6},"end":{"line":43,"column":7}},{"start":{},"end":{}}],"line":41},"3":{"loc":{"start":{"line":41,"column":10},"end":{"line":41,"column":51}},"type":"binary-expr","locations":[{"start":{"line":41,"column":10},"end":{"line":41,"column":22}},{"start":{"line":41,"column":26},"end":{"line":41,"column":51}}],"line":41}},"s":{"0":0,"1":0,"2":0,"3":0,"4":0,"5":0,"6":0,"7":0,"8":0,"9":0,"10":0,"11":0,"12":0,"13":0,"14":0,"15":0,"16":0,"17":0,"18":0,"19":0,"20":0,"21":0,"22":0},"f":{"0":0,"1":0,"2":0,"3":0,"4":0,"5":0,"6":0,"7":0,"8":0},"b":{"0":[0,0],"1":[0,0],"2":[0,0],"3":[0,0]}}
,"/Users/ztlab82/Desktop/book_store/src/redux/store/Store.js": {"path":"/Users/ztlab82/Desktop/book_store/src/redux/store/Store.js","statementMap":{"0":{"start":{"line":5,"column":21},"end":{"line":10,"column":2}}},"fnMap":{},"branchMap":{},"s":{"0":0},"f":{},"b":{}}
,"/Users/ztlab82/Desktop/book_store/src/views/BookDetails.js": {"path":"/Users/ztlab82/Desktop/book_store/src/views/BookDetails.js","statementMap":{"0":{"start":{"line":20,"column":20},"end":{"line":111,"column":1}},"1":{"start":{"line":21,"column":17},"end":{"line":21,"column":28}},"2":{"start":{"line":22,"column":19},"end":{"line":22,"column":32}},"3":{"start":{"line":23,"column":19},"end":{"line":23,"column":32}},"4":{"start":{"line":24,"column":35},"end":{"line":24,"column":70}},"5":{"start":{"line":24,"column":58},"end":{"line":24,"column":69}},"6":{"start":{"line":25,"column":26},"end":{"line":25,"column":49}},"7":{"start":{"line":27,"column":2},"end":{"line":29,"column":20}},"8":{"start":{"line":28,"column":4},"end":{"line":28,"column":34}},"9":{"start":{"line":31,"column":26},"end":{"line":41,"column":3}},"10":{"start":{"line":32,"column":4},"end":{"line":40,"column":5}},"11":{"start":{"line":33,"column":6},"end":{"line":36,"column":7}},"12":{"start":{"line":34,"column":8},"end":{"line":34,"column":33}},"13":{"start":{"line":35,"column":8},"end":{"line":35,"column":38}},"14":{"start":{"line":38,"column":6},"end":{"line":38,"column":32}},"15":{"start":{"line":39,"column":6},"end":{"line":39,"column":24}},"16":{"start":{"line":43,"column":2},"end":{"line":43,"column":32}},"17":{"start":{"line":43,"column":15},"end":{"line":43,"column":32}},"18":{"start":{"line":44,"column":2},"end":{"line":44,"column":41}},"19":{"start":{"line":44,"column":13},"end":{"line":44,"column":41}},"20":{"start":{"line":46,"column":2},"end":{"line":110,"column":3}},"21":{"start":{"line":49,"column":51},"end":{"line":49,"column":63}}},"fnMap":{"0":{"name":"(anonymous_0)","decl":{"start":{"line":20,"column":20},"end":{"line":20,"column":21}},"loc":{"start":{"line":20,"column":26},"end":{"line":111,"column":1}},"line":20},"1":{"name":"(anonymous_1)","decl":{"start":{"line":24,"column":47},"end":{"line":24,"column":48}},"loc":{"start":{"line":24,"column":58},"end":{"line":24,"column":69}},"line":24},"2":{"name":"(anonymous_2)","decl":{"start":{"line":27,"column":12},"end":{"line":27,"column":13}},"loc":{"start":{"line":27,"column":18},"end":{"line":29,"column":3}},"line":27},"3":{"name":"(anonymous_3)","decl":{"start":{"line":31,"column":26},"end":{"line":31,"column":27}},"loc":{"start":{"line":31,"column":32},"end":{"line":41,"column":3}},"line":31},"4":{"name":"(anonymous_4)","decl":{"start":{"line":49,"column":45},"end":{"line":49,"column":46}},"loc":{"start":{"line":49,"column":51},"end":{"line":49,"column":63}},"line":49}},"branchMap":{"0":{"loc":{"start":{"line":32,"column":4},"end":{"line":40,"column":5}},"type":"if","locations":[{"start":{"line":32,"column":4},"end":{"line":40,"column":5}},{"start":{"line":37,"column":11},"end":{"line":40,"column":5}}],"line":32},"1":{"loc":{"start":{"line":33,"column":6},"end":{"line":36,"column":7}},"type":"if","locations":[{"start":{"line":33,"column":6},"end":{"line":36,"column":7}},{"start":{},"end":{}}],"line":33},"2":{"loc":{"start":{"line":43,"column":2},"end":{"line":43,"column":32}},"type":"if","locations":[{"start":{"line":43,"column":2},"end":{"line":43,"column":32}},{"start":{},"end":{}}],"line":43},"3":{"loc":{"start":{"line":44,"column":2},"end":{"line":44,"column":41}},"type":"if","locations":[{"start":{"line":44,"column":2},"end":{"line":44,"column":41}},{"start":{},"end":{}}],"line":44}},"s":{"0":0,"1":0,"2":0,"3":0,"4":0,"5":0,"6":0,"7":0,"8":0,"9":0,"10":0,"11":0,"12":0,"13":0,"14":0,"15":0,"16":0,"17":0,"18":0,"19":0,"20":0,"21":0},"f":{"0":0,"1":0,"2":0,"3":0,"4":0},"b":{"0":[0,0],"1":[0,0],"2":[0,0],"3":[0,0]}}
,"/Users/ztlab82/Desktop/book_store/src/views/Home.js": {"path":"/Users/ztlab82/Desktop/book_store/src/views/Home.js","statementMap":{"0":{"start":{"line":21,"column":13},"end":{"line":279,"column":1}},"1":{"start":{"line":22,"column":19},"end":{"line":22,"column":32}},"2":{"start":{"line":23,"column":36},"end":{"line":23,"column":71}},"3":{"start":{"line":23,"column":59},"end":{"line":23,"column":70}},"4":{"start":{"line":24,"column":44},"end":{"line":24,"column":56}},"5":{"start":{"line":25,"column":40},"end":{"line":25,"column":52}},"6":{"start":{"line":26,"column":30},"end":{"line":26,"column":42}},"7":{"start":{"line":27,"column":40},"end":{"line":27,"column":52}},"8":{"start":{"line":28,"column":28},"end":{"line":28,"column":40}},"9":{"start":{"line":30,"column":2},"end":{"line":32,"column":16}},"10":{"start":{"line":31,"column":4},"end":{"line":31,"column":26}},"11":{"start":{"line":34,"column":2},"end":{"line":36,"column":13}},"12":{"start":{"line":35,"column":4},"end":{"line":35,"column":27}},"13":{"start":{"line":38,"column":23},"end":{"line":45,"column":3}},"14":{"start":{"line":39,"column":21},"end":{"line":43,"column":5}},"15":{"start":{"line":41,"column":8},"end":{"line":42,"column":63}},"16":{"start":{"line":44,"column":4},"end":{"line":44,"column":30}},"17":{"start":{"line":47,"column":21},"end":{"line":56,"column":3}},"18":{"start":{"line":48,"column":19},"end":{"line":54,"column":6}},"19":{"start":{"line":49,"column":6},"end":{"line":53,"column":7}},"20":{"start":{"line":50,"column":8},"end":{"line":50,"column":45}},"21":{"start":{"line":52,"column":8},"end":{"line":52,"column":45}},"22":{"start":{"line":55,"column":4},"end":{"line":55,"column":28}},"23":{"start":{"line":58,"column":29},"end":{"line":62,"column":3}},"24":{"start":{"line":59,"column":18},"end":{"line":59,"column":36}},"25":{"start":{"line":60,"column":4},"end":{"line":60,"column":25}},"26":{"start":{"line":61,"column":4},"end":{"line":61,"column":23}},"27":{"start":{"line":64,"column":27},"end":{"line":68,"column":3}},"28":{"start":{"line":65,"column":18},"end":{"line":65,"column":36}},"29":{"start":{"line":66,"column":4},"end":{"line":66,"column":20}},"30":{"start":{"line":67,"column":4},"end":{"line":67,"column":21}},"31":{"start":{"line":70,"column":34},"end":{"line":74,"column":3}},"32":{"start":{"line":71,"column":17},"end":{"line":71,"column":35}},"33":{"start":{"line":72,"column":4},"end":{"line":72,"column":24}},"34":{"start":{"line":73,"column":4},"end":{"line":73,"column":28}},"35":{"start":{"line":76,"column":28},"end":{"line":80,"column":3}},"36":{"start":{"line":77,"column":26},"end":{"line":77,"column":44}},"37":{"start":{"line":78,"column":4},"end":{"line":78,"column":27}},"38":{"start":{"line":79,"column":4},"end":{"line":79,"column":43}},"39":{"start":{"line":82,"column":22},"end":{"line":89,"column":3}},"40":{"start":{"line":83,"column":21},"end":{"line":87,"column":6}},"41":{"start":{"line":84,"column":26},"end":{"line":84,"column":70}},"42":{"start":{"line":85,"column":27},"end":{"line":85,"column":62}},"43":{"start":{"line":86,"column":6},"end":{"line":86,"column":40}},"44":{"start":{"line":88,"column":4},"end":{"line":88,"column":30}},"45":{"start":{"line":91,"column":2},"end":{"line":91,"column":32}},"46":{"start":{"line":91,"column":15},"end":{"line":91,"column":32}},"47":{"start":{"line":92,"column":2},"end":{"line":92,"column":41}},"48":{"start":{"line":92,"column":13},"end":{"line":92,"column":41}},"49":{"start":{"line":94,"column":2},"end":{"line":278,"column":3}},"50":{"start":{"line":144,"column":49},"end":{"line":144,"column":70}},"51":{"start":{"line":146,"column":20},"end":{"line":148,"column":31}},"52":{"start":{"line":161,"column":49},"end":{"line":161,"column":59}},"53":{"start":{"line":162,"column":18},"end":{"line":184,"column":29}},"54":{"start":{"line":198,"column":10},"end":{"line":274,"column":17}}},"fnMap":{"0":{"name":"(anonymous_0)","decl":{"start":{"line":21,"column":13},"end":{"line":21,"column":14}},"loc":{"start":{"line":21,"column":19},"end":{"line":279,"column":1}},"line":21},"1":{"name":"(anonymous_1)","decl":{"start":{"line":23,"column":48},"end":{"line":23,"column":49}},"loc":{"start":{"line":23,"column":59},"end":{"line":23,"column":70}},"line":23},"2":{"name":"(anonymous_2)","decl":{"start":{"line":30,"column":12},"end":{"line":30,"column":13}},"loc":{"start":{"line":30,"column":18},"end":{"line":32,"column":3}},"line":30},"3":{"name":"(anonymous_3)","decl":{"start":{"line":34,"column":12},"end":{"line":34,"column":13}},"loc":{"start":{"line":34,"column":18},"end":{"line":36,"column":3}},"line":34},"4":{"name":"(anonymous_4)","decl":{"start":{"line":38,"column":23},"end":{"line":38,"column":24}},"loc":{"start":{"line":38,"column":34},"end":{"line":45,"column":3}},"line":38},"5":{"name":"(anonymous_5)","decl":{"start":{"line":40,"column":6},"end":{"line":40,"column":7}},"loc":{"start":{"line":41,"column":8},"end":{"line":42,"column":63}},"line":41},"6":{"name":"(anonymous_6)","decl":{"start":{"line":47,"column":21},"end":{"line":47,"column":22}},"loc":{"start":{"line":47,"column":32},"end":{"line":56,"column":3}},"line":47},"7":{"name":"(anonymous_7)","decl":{"start":{"line":48,"column":43},"end":{"line":48,"column":44}},"loc":{"start":{"line":48,"column":53},"end":{"line":54,"column":5}},"line":48},"8":{"name":"(anonymous_8)","decl":{"start":{"line":58,"column":29},"end":{"line":58,"column":30}},"loc":{"start":{"line":58,"column":40},"end":{"line":62,"column":3}},"line":58},"9":{"name":"(anonymous_9)","decl":{"start":{"line":64,"column":27},"end":{"line":64,"column":28}},"loc":{"start":{"line":64,"column":38},"end":{"line":68,"column":3}},"line":64},"10":{"name":"(anonymous_10)","decl":{"start":{"line":70,"column":34},"end":{"line":70,"column":35}},"loc":{"start":{"line":70,"column":45},"end":{"line":74,"column":3}},"line":70},"11":{"name":"(anonymous_11)","decl":{"start":{"line":76,"column":28},"end":{"line":76,"column":29}},"loc":{"start":{"line":76,"column":39},"end":{"line":80,"column":3}},"line":76},"12":{"name":"(anonymous_12)","decl":{"start":{"line":82,"column":22},"end":{"line":82,"column":23}},"loc":{"start":{"line":82,"column":39},"end":{"line":89,"column":3}},"line":82},"13":{"name":"(anonymous_13)","decl":{"start":{"line":83,"column":34},"end":{"line":83,"column":35}},"loc":{"start":{"line":83,"column":44},"end":{"line":87,"column":5}},"line":83},"14":{"name":"(anonymous_14)","decl":{"start":{"line":144,"column":39},"end":{"line":144,"column":40}},"loc":{"start":{"line":144,"column":49},"end":{"line":144,"column":70}},"line":144},"15":{"name":"(anonymous_15)","decl":{"start":{"line":145,"column":18},"end":{"line":145,"column":19}},"loc":{"start":{"line":146,"column":20},"end":{"line":148,"column":31}},"line":146},"16":{"name":"(anonymous_16)","decl":{"start":{"line":161,"column":39},"end":{"line":161,"column":40}},"loc":{"start":{"line":161,"column":49},"end":{"line":161,"column":59}},"line":161},"17":{"name":"(anonymous_17)","decl":{"start":{"line":161,"column":67},"end":{"line":161,"column":68}},"loc":{"start":{"line":162,"column":18},"end":{"line":184,"column":29}},"line":162},"18":{"name":"(anonymous_18)","decl":{"start":{"line":197,"column":27},"end":{"line":197,"column":28}},"loc":{"start":{"line":198,"column":10},"end":{"line":274,"column":17}},"line":198}},"branchMap":{"0":{"loc":{"start":{"line":41,"column":8},"end":{"line":42,"column":63}},"type":"binary-expr","locations":[{"start":{"line":41,"column":8},"end":{"line":41,"column":62}},{"start":{"line":42,"column":8},"end":{"line":42,"column":63}}],"line":41},"1":{"loc":{"start":{"line":49,"column":6},"end":{"line":53,"column":7}},"type":"if","locations":[{"start":{"line":49,"column":6},"end":{"line":53,"column":7}},{"start":{"line":51,"column":13},"end":{"line":53,"column":7}}],"line":49},"2":{"loc":{"start":{"line":84,"column":26},"end":{"line":84,"column":70}},"type":"cond-expr","locations":[{"start":{"line":84,"column":33},"end":{"line":84,"column":63}},{"start":{"line":84,"column":66},"end":{"line":84,"column":70}}],"line":84},"3":{"loc":{"start":{"line":85,"column":27},"end":{"line":85,"column":62}},"type":"cond-expr","locations":[{"start":{"line":85,"column":35},"end":{"line":85,"column":55}},{"start":{"line":85,"column":58},"end":{"line":85,"column":62}}],"line":85},"4":{"loc":{"start":{"line":86,"column":13},"end":{"line":86,"column":40}},"type":"binary-expr","locations":[{"start":{"line":86,"column":13},"end":{"line":86,"column":24}},{"start":{"line":86,"column":28},"end":{"line":86,"column":40}}],"line":86},"5":{"loc":{"start":{"line":91,"column":2},"end":{"line":91,"column":32}},"type":"if","locations":[{"start":{"line":91,"column":2},"end":{"line":91,"column":32}},{"start":{},"end":{}}],"line":91},"6":{"loc":{"start":{"line":92,"column":2},"end":{"line":92,"column":41}},"type":"if","locations":[{"start":{"line":92,"column":2},"end":{"line":92,"column":41}},{"start":{},"end":{}}],"line":92},"7":{"loc":{"start":{"line":191,"column":7},"end":{"line":195,"column":7}},"type":"binary-expr","locations":[{"start":{"line":191,"column":7},"end":{"line":191,"column":33}},{"start":{"line":192,"column":8},"end":{"line":194,"column":21}}],"line":191}},"s":{"0":0,"1":0,"2":0,"3":0,"4":0,"5":0,"6":0,"7":0,"8":0,"9":0,"10":0,"11":0,"12":0,"13":0,"14":0,"15":0,"16":0,"17":0,"18":0,"19":0,"20":0,"21":0,"22":0,"23":0,"24":0,"25":0,"26":0,"27":0,"28":0,"29":0,"30":0,"31":0,"32":0,"33":0,"34":0,"35":0,"36":0,"37":0,"38":0,"39":0,"40":0,"41":0,"42":0,"43":0,"44":0,"45":0,"46":0,"47":0,"48":0,"49":0,"50":0,"51":0,"52":0,"53":0,"54":0},"f":{"0":0,"1":0,"2":0,"3":0,"4":0,"5":0,"6":0,"7":0,"8":0,"9":0,"10":0,"11":0,"12":0,"13":0,"14":0,"15":0,"16":0,"17":0,"18":0},"b":{"0":[0,0],"1":[0,0],"2":[0,0],"3":[0,0],"4":[0,0],"5":[0,0],"6":[0,0],"7":[0,0]}}
,"/Users/ztlab82/Desktop/book_store/src/views/ProfilePage.js": {"path":"/Users/ztlab82/Desktop/book_store/src/views/ProfilePage.js","statementMap":{"0":{"start":{"line":18,"column":16},"end":{"line":210,"column":1}},"1":{"start":{"line":19,"column":54},"end":{"line":19,"column":77}},"2":{"start":{"line":20,"column":34},"end":{"line":20,"column":49}},"3":{"start":{"line":21,"column":42},"end":{"line":21,"column":57}},"4":{"start":{"line":22,"column":38},"end":{"line":22,"column":59}},"5":{"start":{"line":23,"column":40},"end":{"line":23,"column":52}},"6":{"start":{"line":24,"column":40},"end":{"line":24,"column":52}},"7":{"start":{"line":25,"column":48},"end":{"line":25,"column":60}},"8":{"start":{"line":26,"column":44},"end":{"line":26,"column":56}},"9":{"start":{"line":28,"column":21},"end":{"line":32,"column":3}},"10":{"start":{"line":29,"column":4},"end":{"line":29,"column":26}},"11":{"start":{"line":30,"column":4},"end":{"line":30,"column":49}},"12":{"start":{"line":31,"column":4},"end":{"line":31,"column":22}},"13":{"start":{"line":34,"column":31},"end":{"line":50,"column":3}},"14":{"start":{"line":35,"column":4},"end":{"line":38,"column":5}},"15":{"start":{"line":36,"column":6},"end":{"line":36,"column":72}},"16":{"start":{"line":37,"column":6},"end":{"line":37,"column":12}},"17":{"start":{"line":39,"column":20},"end":{"line":39,"column":79}},"18":{"start":{"line":40,"column":4},"end":{"line":49,"column":5}},"19":{"start":{"line":41,"column":6},"end":{"line":41,"column":52}},"20":{"start":{"line":42,"column":6},"end":{"line":42,"column":28}},"21":{"start":{"line":43,"column":6},"end":{"line":43,"column":24}},"22":{"start":{"line":44,"column":6},"end":{"line":44,"column":24}},"23":{"start":{"line":45,"column":6},"end":{"line":45,"column":26}},"24":{"start":{"line":46,"column":6},"end":{"line":46,"column":28}},"25":{"start":{"line":48,"column":6},"end":{"line":48,"column":48}},"26":{"start":{"line":52,"column":2},"end":{"line":209,"column":3}},"27":{"start":{"line":81,"column":27},"end":{"line":81,"column":44}},"28":{"start":{"line":89,"column":27},"end":{"line":89,"column":48}},"29":{"start":{"line":96,"column":44},"end":{"line":96,"column":62}},"30":{"start":{"line":116,"column":14},"end":{"line":116,"column":73}},"31":{"start":{"line":125,"column":14},"end":{"line":125,"column":72}},"32":{"start":{"line":134,"column":14},"end":{"line":134,"column":69}},"33":{"start":{"line":143,"column":14},"end":{"line":143,"column":76}},"34":{"start":{"line":154,"column":48},"end":{"line":154,"column":70}},"35":{"start":{"line":174,"column":29},"end":{"line":174,"column":59}},"36":{"start":{"line":182,"column":29},"end":{"line":182,"column":59}},"37":{"start":{"line":190,"column":29},"end":{"line":190,"column":63}}},"fnMap":{"0":{"name":"(anonymous_0)","decl":{"start":{"line":18,"column":16},"end":{"line":18,"column":17}},"loc":{"start":{"line":18,"column":22},"end":{"line":210,"column":1}},"line":18},"1":{"name":"(anonymous_1)","decl":{"start":{"line":28,"column":21},"end":{"line":28,"column":22}},"loc":{"start":{"line":28,"column":27},"end":{"line":32,"column":3}},"line":28},"2":{"name":"(anonymous_2)","decl":{"start":{"line":34,"column":31},"end":{"line":34,"column":32}},"loc":{"start":{"line":34,"column":37},"end":{"line":50,"column":3}},"line":34},"3":{"name":"(anonymous_3)","decl":{"start":{"line":81,"column":21},"end":{"line":81,"column":22}},"loc":{"start":{"line":81,"column":27},"end":{"line":81,"column":44}},"line":81},"4":{"name":"(anonymous_4)","decl":{"start":{"line":89,"column":21},"end":{"line":89,"column":22}},"loc":{"start":{"line":89,"column":27},"end":{"line":89,"column":48}},"line":89},"5":{"name":"(anonymous_5)","decl":{"start":{"line":96,"column":38},"end":{"line":96,"column":39}},"loc":{"start":{"line":96,"column":44},"end":{"line":96,"column":62}},"line":96},"6":{"name":"(anonymous_6)","decl":{"start":{"line":115,"column":22},"end":{"line":115,"column":23}},"loc":{"start":{"line":116,"column":14},"end":{"line":116,"column":73}},"line":116},"7":{"name":"(anonymous_7)","decl":{"start":{"line":124,"column":22},"end":{"line":124,"column":23}},"loc":{"start":{"line":125,"column":14},"end":{"line":125,"column":72}},"line":125},"8":{"name":"(anonymous_8)","decl":{"start":{"line":133,"column":22},"end":{"line":133,"column":23}},"loc":{"start":{"line":134,"column":14},"end":{"line":134,"column":69}},"line":134},"9":{"name":"(anonymous_9)","decl":{"start":{"line":142,"column":22},"end":{"line":142,"column":23}},"loc":{"start":{"line":143,"column":14},"end":{"line":143,"column":76}},"line":143},"10":{"name":"(anonymous_10)","decl":{"start":{"line":154,"column":42},"end":{"line":154,"column":43}},"loc":{"start":{"line":154,"column":48},"end":{"line":154,"column":70}},"line":154},"11":{"name":"(anonymous_11)","decl":{"start":{"line":174,"column":22},"end":{"line":174,"column":23}},"loc":{"start":{"line":174,"column":29},"end":{"line":174,"column":59}},"line":174},"12":{"name":"(anonymous_12)","decl":{"start":{"line":182,"column":22},"end":{"line":182,"column":23}},"loc":{"start":{"line":182,"column":29},"end":{"line":182,"column":59}},"line":182},"13":{"name":"(anonymous_13)","decl":{"start":{"line":190,"column":22},"end":{"line":190,"column":23}},"loc":{"start":{"line":190,"column":29},"end":{"line":190,"column":63}},"line":190}},"branchMap":{"0":{"loc":{"start":{"line":35,"column":4},"end":{"line":38,"column":5}},"type":"if","locations":[{"start":{"line":35,"column":4},"end":{"line":38,"column":5}},{"start":{},"end":{}}],"line":35},"1":{"loc":{"start":{"line":40,"column":4},"end":{"line":49,"column":5}},"type":"if","locations":[{"start":{"line":40,"column":4},"end":{"line":49,"column":5}},{"start":{"line":47,"column":11},"end":{"line":49,"column":5}}],"line":40},"2":{"loc":{"start":{"line":194,"column":11},"end":{"line":198,"column":11}},"type":"binary-expr","locations":[{"start":{"line":194,"column":11},"end":{"line":194,"column":24}},{"start":{"line":195,"column":12},"end":{"line":197,"column":25}}],"line":194}},"s":{"0":0,"1":0,"2":0,"3":0,"4":0,"5":0,"6":0,"7":0,"8":0,"9":0,"10":0,"11":0,"12":0,"13":0,"14":0,"15":0,"16":0,"17":0,"18":0,"19":0,"20":0,"21":0,"22":0,"23":0,"24":0,"25":0,"26":0,"27":0,"28":0,"29":0,"30":0,"31":0,"32":0,"33":0,"34":0,"35":0,"36":0,"37":0},"f":{"0":0,"1":0,"2":0,"3":0,"4":0,"5":0,"6":0,"7":0,"8":0,"9":0,"10":0,"11":0,"12":0,"13":0},"b":{"0":[0,0],"1":[0,0],"2":[0,0]}}
}
